#
# There is insufficient memory for the Java Runtime Environment to continue.
# Native memory allocation (mmap) failed to map 986513408 bytes for committing reserved memory.
# Possible reasons:
#   The system is out of physical RAM or swap space
#   In 32 bit mode, the process size limit was hit
# Possible solutions:
#   Reduce memory load on the system
#   Increase physical memory or swap space
#   Check if swap backing store is full
#   Use 64 bit Java on a 64 bit OS
#   Decrease Java heap size (-Xmx/-Xms)
#   Decrease number of Java threads
#   Decrease Java thread stack sizes (-Xss)
#   Set larger code cache with -XX:ReservedCodeCacheSize=
# This output file may be truncated or incomplete.
#
#  Out of Memory Error (os_linux.cpp:2640), pid=71113, tid=0x00007f55c7d17700
#
# JRE version:  (8.0_151-b12) (build )
# Java VM: Java HotSpot(TM) 64-Bit Server VM (25.151-b12 mixed mode linux-amd64 compressed oops)
# Failed to write core dump. Core dumps have been disabled. To enable core dumping, try "ulimit -c unlimited" before starting Java again
#

---------------  T H R E A D  ---------------

Current thread (0x00007f55c000c000):  JavaThread "Unknown thread" [_thread_in_vm, id=71140, stack(0x00007f55c7c17000,0x00007f55c7d18000)]

Stack: [0x00007f55c7c17000,0x00007f55c7d18000],  sp=0x00007f55c7d16370,  free space=1020k
Native frames: (J=compiled Java code, j=interpreted, Vv=VM code, C=native code)
V  [libjvm.so+0xacb58a]  VMError::report_and_die()+0x2ba
V  [libjvm.so+0x4ff4ab]  report_vm_out_of_memory(char const*, int, unsigned long, VMErrorType, char const*)+0x8b
V  [libjvm.so+0x928113]  os::Linux::commit_memory_impl(char*, unsigned long, bool)+0x103
V  [libjvm.so+0x928669]  os::pd_commit_memory(char*, unsigned long, unsigned long, bool)+0x29
V  [libjvm.so+0x92288a]  os::commit_memory(char*, unsigned long, unsigned long, bool)+0x2a
V  [libjvm.so+0xac72e9]  VirtualSpace::expand_by(unsigned long, bool)+0x199
V  [libjvm.so+0xac7e3e]  VirtualSpace::initialize(ReservedSpace, unsigned long)+0xee
V  [libjvm.so+0x5fda81]  CardGeneration::CardGeneration(ReservedSpace, unsigned long, int, GenRemSet*)+0xf1
V  [libjvm.so+0x4e8b7e]  ConcurrentMarkSweepGeneration::ConcurrentMarkSweepGeneration(ReservedSpace, unsigned long, int, CardTableRS*, bool, FreeBlockDictionary<FreeChunk>::DictionaryChoice)+0x4e
V  [libjvm.so+0x5feb42]  GenerationSpec::init(ReservedSpace, int, GenRemSet*)+0xf2
V  [libjvm.so+0x5ed97e]  GenCollectedHeap::initialize()+0x1de
V  [libjvm.so+0xa93603]  Universe::initialize_heap()+0xf3
V  [libjvm.so+0xa93b6e]  universe_init()+0x3e
V  [libjvm.so+0x640545]  init_globals()+0x65
V  [libjvm.so+0xa7725e]  Threads::create_vm(JavaVMInitArgs*, bool*)+0x23e
V  [libjvm.so+0x6d4e44]  JNI_CreateJavaVM+0x74
C  [libjli.so+0x797e]  JavaMain+0x9e
C  [libpthread.so.0+0x76ba]  start_thread+0xca


---------------  P R O C E S S  ---------------

Java Threads: ( => current thread )

Other Threads:

=>0x00007f55c000c000 (exited) JavaThread "Unknown thread" [_thread_in_vm, id=71140, stack(0x00007f55c7c17000,0x00007f55c7d18000)]

VM state:not at safepoint (not fully initialized)

VM Mutex/Monitor currently owned by a thread: None

GC Heap History (0 events):
No events

Deoptimization events (0 events):
No events

Internal exceptions (0 events):
No events

Events (0 events):
No events


Dynamic libraries:
00400000-00401000 r-xp 00000000 08:01 1067737                            /usr/lib/jvm/java-8-oracle/jre/bin/java
00600000-00601000 rw-p 00000000 08:01 1067737                            /usr/lib/jvm/java-8-oracle/jre/bin/java
01c32000-01c53000 rw-p 00000000 00:00 0                                  [heap]
c0000000-c5330000 rw-p 00000000 00:00 0 
7f55ac000000-7f55ac021000 rw-p 00000000 00:00 0 
7f55ac021000-7f55b0000000 ---p 00000000 00:00 0 
7f55b1000000-7f55b1270000 rwxp 00000000 00:00 0 
7f55b1270000-7f55c0000000 ---p 00000000 00:00 0 
7f55c0000000-7f55c003a000 rw-p 00000000 00:00 0 
7f55c003a000-7f55c4000000 ---p 00000000 00:00 0 
7f55c4331000-7f55c46e3000 rw-p 00000000 00:00 0 
7f55c46e3000-7f55c48b9000 ---p 00000000 00:00 0 
7f55c48b9000-7f55c48ba000 rw-p 00000000 00:00 0 
7f55c48ba000-7f55c48bb000 ---p 00000000 00:00 0 
7f55c48bb000-7f55c49c5000 rw-p 00000000 00:00 0 
7f55c49c5000-7f55c4d7b000 ---p 00000000 00:00 0 
7f55c4d7b000-7f55c4d96000 r-xp 00000000 08:01 1068053                    /usr/lib/jvm/java-8-oracle/jre/lib/amd64/libzip.so
7f55c4d96000-7f55c4f96000 ---p 0001b000 08:01 1068053                    /usr/lib/jvm/java-8-oracle/jre/lib/amd64/libzip.so
7f55c4f96000-7f55c4f97000 rw-p 0001b000 08:01 1068053                    /usr/lib/jvm/java-8-oracle/jre/lib/amd64/libzip.so
7f55c4f97000-7f55c4fa2000 r-xp 00000000 08:01 476587                     /lib/x86_64-linux-gnu/libnss_files-2.23.so
7f55c4fa2000-7f55c51a1000 ---p 0000b000 08:01 476587                     /lib/x86_64-linux-gnu/libnss_files-2.23.so
7f55c51a1000-7f55c51a2000 r--p 0000a000 08:01 476587                     /lib/x86_64-linux-gnu/libnss_files-2.23.so
7f55c51a2000-7f55c51a3000 rw-p 0000b000 08:01 476587                     /lib/x86_64-linux-gnu/libnss_files-2.23.so
7f55c51a3000-7f55c51a9000 rw-p 00000000 00:00 0 
7f55c51a9000-7f55c51b4000 r-xp 00000000 08:01 476590                     /lib/x86_64-linux-gnu/libnss_nis-2.23.so
7f55c51b4000-7f55c53b3000 ---p 0000b000 08:01 476590                     /lib/x86_64-linux-gnu/libnss_nis-2.23.so
7f55c53b3000-7f55c53b4000 r--p 0000a000 08:01 476590                     /lib/x86_64-linux-gnu/libnss_nis-2.23.so
7f55c53b4000-7f55c53b5000 rw-p 0000b000 08:01 476590                     /lib/x86_64-linux-gnu/libnss_nis-2.23.so
7f55c53b5000-7f55c53cb000 r-xp 00000000 08:01 422444                     /lib/x86_64-linux-gnu/libnsl-2.23.so
7f55c53cb000-7f55c55ca000 ---p 00016000 08:01 422444                     /lib/x86_64-linux-gnu/libnsl-2.23.so
7f55c55ca000-7f55c55cb000 r--p 00015000 08:01 422444                     /lib/x86_64-linux-gnu/libnsl-2.23.so
7f55c55cb000-7f55c55cc000 rw-p 00016000 08:01 422444                     /lib/x86_64-linux-gnu/libnsl-2.23.so
7f55c55cc000-7f55c55ce000 rw-p 00000000 00:00 0 
7f55c55ce000-7f55c55d6000 r-xp 00000000 08:01 476596                     /lib/x86_64-linux-gnu/libnss_compat-2.23.so
7f55c55d6000-7f55c57d5000 ---p 00008000 08:01 476596                     /lib/x86_64-linux-gnu/libnss_compat-2.23.so
7f55c57d5000-7f55c57d6000 r--p 00007000 08:01 476596                     /lib/x86_64-linux-gnu/libnss_compat-2.23.so
7f55c57d6000-7f55c57d7000 rw-p 00008000 08:01 476596                     /lib/x86_64-linux-gnu/libnss_compat-2.23.so
7f55c57d7000-7f55c5802000 r-xp 00000000 08:01 1068047                    /usr/lib/jvm/java-8-oracle/jre/lib/amd64/libjava.so
7f55c5802000-7f55c5a01000 ---p 0002b000 08:01 1068047                    /usr/lib/jvm/java-8-oracle/jre/lib/amd64/libjava.so
7f55c5a01000-7f55c5a03000 rw-p 0002a000 08:01 1068047                    /usr/lib/jvm/java-8-oracle/jre/lib/amd64/libjava.so
7f55c5a03000-7f55c5a10000 r-xp 00000000 08:01 1068052                    /usr/lib/jvm/java-8-oracle/jre/lib/amd64/libverify.so
7f55c5a10000-7f55c5c10000 ---p 0000d000 08:01 1068052                    /usr/lib/jvm/java-8-oracle/jre/lib/amd64/libverify.so
7f55c5c10000-7f55c5c12000 rw-p 0000d000 08:01 1068052                    /usr/lib/jvm/java-8-oracle/jre/lib/amd64/libverify.so
7f55c5c12000-7f55c5c19000 r-xp 00000000 08:01 476592                     /lib/x86_64-linux-gnu/librt-2.23.so
7f55c5c19000-7f55c5e18000 ---p 00007000 08:01 476592                     /lib/x86_64-linux-gnu/librt-2.23.so
7f55c5e18000-7f55c5e19000 r--p 00006000 08:01 476592                     /lib/x86_64-linux-gnu/librt-2.23.so
7f55c5e19000-7f55c5e1a000 rw-p 00007000 08:01 476592                     /lib/x86_64-linux-gnu/librt-2.23.so
7f55c5e1a000-7f55c5f22000 r-xp 00000000 08:01 476601                     /lib/x86_64-linux-gnu/libm-2.23.so
7f55c5f22000-7f55c6121000 ---p 00108000 08:01 476601                     /lib/x86_64-linux-gnu/libm-2.23.so
7f55c6121000-7f55c6122000 r--p 00107000 08:01 476601                     /lib/x86_64-linux-gnu/libm-2.23.so
7f55c6122000-7f55c6123000 rw-p 00108000 08:01 476601                     /lib/x86_64-linux-gnu/libm-2.23.so
7f55c6123000-7f55c6df6000 r-xp 00000000 08:01 1068075                    /usr/lib/jvm/java-8-oracle/jre/lib/amd64/server/libjvm.so
7f55c6df6000-7f55c6ff5000 ---p 00cd3000 08:01 1068075                    /usr/lib/jvm/java-8-oracle/jre/lib/amd64/server/libjvm.so
7f55c6ff5000-7f55c70cf000 rw-p 00cd2000 08:01 1068075                    /usr/lib/jvm/java-8-oracle/jre/lib/amd64/server/libjvm.so
7f55c70cf000-7f55c711a000 rw-p 00000000 00:00 0 
7f55c711a000-7f55c72da000 r-xp 00000000 08:01 476606                     /lib/x86_64-linux-gnu/libc-2.23.so
7f55c72da000-7f55c74da000 ---p 001c0000 08:01 476606                     /lib/x86_64-linux-gnu/libc-2.23.so
7f55c74da000-7f55c74de000 r--p 001c0000 08:01 476606                     /lib/x86_64-linux-gnu/libc-2.23.so
7f55c74de000-7f55c74e0000 rw-p 001c4000 08:01 476606                     /lib/x86_64-linux-gnu/libc-2.23.so
7f55c74e0000-7f55c74e4000 rw-p 00000000 00:00 0 
7f55c74e4000-7f55c74e7000 r-xp 00000000 08:01 476595                     /lib/x86_64-linux-gnu/libdl-2.23.so
7f55c74e7000-7f55c76e6000 ---p 00003000 08:01 476595                     /lib/x86_64-linux-gnu/libdl-2.23.so
7f55c76e6000-7f55c76e7000 r--p 00002000 08:01 476595                     /lib/x86_64-linux-gnu/libdl-2.23.so
7f55c76e7000-7f55c76e8000 rw-p 00003000 08:01 476595                     /lib/x86_64-linux-gnu/libdl-2.23.so
7f55c76e8000-7f55c76fe000 r-xp 00000000 08:01 1068071                    /usr/lib/jvm/java-8-oracle/jre/lib/amd64/jli/libjli.so
7f55c76fe000-7f55c78fd000 ---p 00016000 08:01 1068071                    /usr/lib/jvm/java-8-oracle/jre/lib/amd64/jli/libjli.so
7f55c78fd000-7f55c78fe000 rw-p 00015000 08:01 1068071                    /usr/lib/jvm/java-8-oracle/jre/lib/amd64/jli/libjli.so
7f55c78fe000-7f55c7916000 r-xp 00000000 08:01 476589                     /lib/x86_64-linux-gnu/libpthread-2.23.so
7f55c7916000-7f55c7b15000 ---p 00018000 08:01 476589                     /lib/x86_64-linux-gnu/libpthread-2.23.so
7f55c7b15000-7f55c7b16000 r--p 00017000 08:01 476589                     /lib/x86_64-linux-gnu/libpthread-2.23.so
7f55c7b16000-7f55c7b17000 rw-p 00018000 08:01 476589                     /lib/x86_64-linux-gnu/libpthread-2.23.so
7f55c7b17000-7f55c7b1b000 rw-p 00000000 00:00 0 
7f55c7b1b000-7f55c7b41000 r-xp 00000000 08:01 453488                     /lib/x86_64-linux-gnu/ld-2.23.so
7f55c7c17000-7f55c7c1a000 ---p 00000000 00:00 0 
7f55c7c1a000-7f55c7d1c000 rw-p 00000000 00:00 0 
7f55c7d34000-7f55c7d3c000 rw-s 00000000 08:01 347765                     /tmp/hsperfdata_deeplearning/71113
7f55c7d3c000-7f55c7d3d000 rw-p 00000000 00:00 0 
7f55c7d3d000-7f55c7d3e000 r--p 00000000 00:00 0 
7f55c7d3e000-7f55c7d40000 rw-p 00000000 00:00 0 
7f55c7d40000-7f55c7d41000 r--p 00025000 08:01 453488                     /lib/x86_64-linux-gnu/ld-2.23.so
7f55c7d41000-7f55c7d42000 rw-p 00026000 08:01 453488                     /lib/x86_64-linux-gnu/ld-2.23.so
7f55c7d42000-7f55c7d43000 rw-p 00000000 00:00 0 
7ffd46abb000-7ffd46adc000 rw-p 00000000 00:00 0                          [stack]
7ffd46bfc000-7ffd46bfe000 r--p 00000000 00:00 0                          [vvar]
7ffd46bfe000-7ffd46c00000 r-xp 00000000 00:00 0                          [vdso]
ffffffffff600000-ffffffffff601000 r-xp 00000000 00:00 0                  [vsyscall]

VM Arguments:
jvm_args: -Xms1g -Xmx1g -XX:+UseConcMarkSweepGC -XX:CMSInitiatingOccupancyFraction=75 -XX:+UseCMSInitiatingOccupancyOnly -XX:+AlwaysPreTouch -Xss1m -Djava.awt.headless=true -Dfile.encoding=UTF-8 -Djna.nosys=true -XX:-OmitStackTraceInFastThrow -Dio.netty.noUnsafe=true -Dio.netty.noKeySetOptimization=true -Dio.netty.recycler.maxCapacityPerThread=0 -Dlog4j.shutdownHookEnabled=false -Dlog4j2.disable.jmx=true -XX:+HeapDumpOnOutOfMemoryError -Des.path.home=/home/deeplearning/microblog/elasticsearch-6.1.1 -Des.path.conf=/home/deeplearning/microblog/elasticsearch-6.1.1/config 
java_command: org.elasticsearch.bootstrap.Elasticsearch
java_class_path (initial): /home/deeplearning/microblog/elasticsearch-6.1.1/lib/elasticsearch-cli-6.1.1.jar:/home/deeplearning/microblog/elasticsearch-6.1.1/lib/lucene-misc-7.1.0.jar:/home/deeplearning/microblog/elasticsearch-6.1.1/lib/lucene-queries-7.1.0.jar:/home/deeplearning/microblog/elasticsearch-6.1.1/lib/joda-time-2.9.5.jar:/home/deeplearning/microblog/elasticsearch-6.1.1/lib/lucene-analyzers-common-7.1.0.jar:/home/deeplearning/microblog/elasticsearch-6.1.1/lib/lucene-memory-7.1.0.jar:/home/deeplearning/microblog/elasticsearch-6.1.1/lib/log4j-api-2.9.1.jar:/home/deeplearning/microblog/elasticsearch-6.1.1/lib/t-digest-3.0.jar:/home/deeplearning/microblog/elasticsearch-6.1.1/lib/lucene-highlighter-7.1.0.jar:/home/deeplearning/microblog/elasticsearch-6.1.1/lib/jackson-core-2.8.10.jar:/home/deeplearning/microblog/elasticsearch-6.1.1/lib/spatial4j-0.6.jar:/home/deeplearning/microblog/elasticsearch-6.1.1/lib/lucene-backward-codecs-7.1.0.jar:/home/deeplearning/microblog/elasticsearch-6.1.1/lib/lucene-grouping-7.1.0.jar:/home/deeplearning/microblog/elasticsearch-6.1.1/lib/jopt-simple-5.0.2.jar:/home/deeplearning/microblog/elasticsearch-6.1.1/lib/jackson-dataformat-smile-2.8.10.jar:/home/deeplearning/microblog/elasticsearch-6.1.1/lib/log4j-core-2.9.1.jar:/home/deeplearning/microblog/elasticsearch-6.1.1/lib/lucene-join-7.1.0.jar:/home/deeplearning/microblog/elasticsearch-6.1.1/lib/jackson-dataformat-cbor-2.8.10.jar:/home/deeplearning/microblog/elasticsearch-6.1.1/lib/jts-1.13.jar:/home/deeplearning/microblog/elasticsearch-6.1.1/lib/lucene-suggest-7.1.0.jar:/home/deeplearning/microblog/elasticsearch-6.1.1/lib/lucene-core-7.1.0.jar:/home/deeplearning/microblog/elasticsearch-6.1.1/lib/snakeyaml-1.17.jar:/home/deeplearning/microblog/elasticsearch-6.1.1/lib/hppc-0.7.1.jar:/home/deeplearning/microblog/elasticsearch-6.1.1/lib/elasticsearch-6.1.1.jar:/home/deeplearning/microblog/elasticsearch-6.1.1/lib/securesm-1.2.jar:/home/deeplearning/microblog/elasticsearch-6.1.1/lib/pl
Launcher Type: SUN_STANDARD

Environment Variables:
PATH=/home/deeplearning/bin:/home/deeplearning/.local/bin:/usr/local/sbin:/usr/local/bin:/usr/sbin:/usr/bin:/sbin:/bin:/usr/games:/usr/local/games:/snap/bin
SHELL=/bin/bash
DISPLAY=:0

Signal Handlers:
SIGSEGV: [libjvm.so+0xacbe10], sa_mask[0]=11111111011111111101111111111110, sa_flags=SA_RESTART|SA_SIGINFO
SIGBUS: [libjvm.so+0xacbe10], sa_mask[0]=11111111011111111101111111111110, sa_flags=SA_RESTART|SA_SIGINFO
SIGFPE: [libjvm.so+0x924f90], sa_mask[0]=11111111011111111101111111111110, sa_flags=SA_RESTART|SA_SIGINFO
SIGPIPE: [libjvm.so+0x924f90], sa_mask[0]=11111111011111111101111111111110, sa_flags=SA_RESTART|SA_SIGINFO
SIGXFSZ: [libjvm.so+0x924f90], sa_mask[0]=11111111011111111101111111111110, sa_flags=SA_RESTART|SA_SIGINFO
SIGILL: [libjvm.so+0x924f90], sa_mask[0]=11111111011111111101111111111110, sa_flags=SA_RESTART|SA_SIGINFO
SIGUSR1: SIG_DFL, sa_mask[0]=00000000000000000000000000000000, sa_flags=none
SIGUSR2: [libjvm.so+0x9267d0], sa_mask[0]=00000000000000000000000000000000, sa_flags=SA_RESTART|SA_SIGINFO
SIGHUP: SIG_DFL, sa_mask[0]=00000000000000000000000000000000, sa_flags=none
SIGINT: SIG_DFL, sa_mask[0]=00000000000000000000000000000000, sa_flags=none
SIGTERM: SIG_DFL, sa_mask[0]=00000000000000000000000000000000, sa_flags=none
SIGQUIT: SIG_DFL, sa_mask[0]=00000000000000000000000000000000, sa_flags=none


---------------  S Y S T E M  ---------------

OS:DISTRIB_ID=Ubuntu
DISTRIB_RELEASE=16.04
DISTRIB_CODENAME=xenial
DISTRIB_DESCRIPTION="Ubuntu 16.04.2 LTS"

uname:Linux 4.10.0-42-generic #46~16.04.1-Ubuntu SMP Mon Dec 4 15:57:59 UTC 2017 x86_64
libc:glibc 2.23 NPTL 2.23 
rlimit: STACK 8192k, CORE 0k, NPROC 15550, NOFILE 65536, AS infinity
load average:0.61 0.76 1.29

/proc/meminfo:
MemTotal:        4025404 kB
MemFree:          113412 kB
MemAvailable:     200224 kB
Buffers:           39548 kB
Cached:           827380 kB
SwapCached:        45584 kB
Active:          1457428 kB
Inactive:         882544 kB
Active(anon):    1320456 kB
Inactive(anon):   751708 kB
Active(file):     136972 kB
Inactive(file):   130836 kB
Unevictable:          32 kB
Mlocked:              32 kB
SwapTotal:       2094076 kB
SwapFree:              0 kB
Dirty:              1428 kB
Writeback:             0 kB
AnonPages:       1427952 kB
Mapped:           399168 kB
Shmem:            599120 kB
Slab:             145676 kB
SReclaimable:      48148 kB
SUnreclaim:        97528 kB
KernelStack:       13416 kB
PageTables:        46824 kB
NFS_Unstable:          0 kB
Bounce:                0 kB
WritebackTmp:          0 kB
CommitLimit:     4106776 kB
Committed_AS:    9280812 kB
VmallocTotal:   34359738367 kB
VmallocUsed:           0 kB
VmallocChunk:          0 kB
HardwareCorrupted:     0 kB
AnonHugePages:    575488 kB
ShmemHugePages:        0 kB
ShmemPmdMapped:        0 kB
CmaTotal:              0 kB
CmaFree:               0 kB
HugePages_Total:       0
HugePages_Free:        0
HugePages_Rsvd:        0
HugePages_Surp:        0
Hugepagesize:       2048 kB
DirectMap4k:      466752 kB
DirectMap2M:     3727360 kB
DirectMap1G:     2097152 kB


CPU:total 1 (initial active 1) (1 cores per cpu, 1 threads per core) family 6 model 78 stepping 3, cmov, cx8, fxsr, mmx, sse, sse2, sse3, ssse3, sse4.1, sse4.2, popcnt, avx, avx2, aes, clmul, erms, 3dnowpref, lzcnt, tsc, tscinvbit, bmi1, bmi2, adx

/proc/cpuinfo:
processor	: 0
vendor_id	: GenuineIntel
cpu family	: 6
model		: 78
model name	: Intel(R) Core(TM) i7-6500U CPU @ 2.50GHz
stepping	: 3
microcode	: 0xba
cpu MHz		: 2601.000
cache size	: 4096 KB
physical id	: 0
siblings	: 1
core id		: 0
cpu cores	: 1
apicid		: 0
initial apicid	: 0
fpu		: yes
fpu_exception	: yes
cpuid level	: 22
wp		: yes
flags		: fpu vme de pse tsc msr pae mce cx8 apic sep mtrr pge mca cmov pat pse36 clflush dts mmx fxsr sse sse2 ss syscall nx pdpe1gb rdtscp lm constant_tsc arch_perfmon pebs bts nopl xtopology tsc_reliable nonstop_tsc aperfmperf pni pclmulqdq ssse3 fma cx16 pcid sse4_1 sse4_2 x2apic movbe popcnt tsc_deadline_timer aes xsave avx f16c rdrand hypervisor lahf_lm abm 3dnowprefetch epb fsgsbase tsc_adjust bmi1 avx2 smep bmi2 invpcid rdseed adx smap xsaveopt dtherm ida arat pln pts hwp hwp_notify hwp_act_window hwp_epp
bugs		:
bogomips	: 5202.00
clflush size	: 64
cache_alignment	: 64
address sizes	: 42 bits physical, 48 bits virtual
power management:



Memory: 4k page, physical 4025404k(113412k free), swap 2094076k(0k free)

vm_info: Java HotSpot(TM) 64-Bit Server VM (25.151-b12) for linux-amd64 JRE (1.8.0_151-b12), built on Sep  5 2017 19:20:58 by "java_re" with gcc 4.3.0 20080428 (Red Hat 4.3.0-8)

time: Sun Dec 24 20:02:22 2017
elapsed time: 0 seconds (0d 0h 0m 0s)

