#
# There is insufficient memory for the Java Runtime Environment to continue.
# Native memory allocation (mmap) failed to map 986513408 bytes for committing reserved memory.
# Possible reasons:
#   The system is out of physical RAM or swap space
#   In 32 bit mode, the process size limit was hit
# Possible solutions:
#   Reduce memory load on the system
#   Increase physical memory or swap space
#   Check if swap backing store is full
#   Use 64 bit Java on a 64 bit OS
#   Decrease Java heap size (-Xmx/-Xms)
#   Decrease number of Java threads
#   Decrease Java thread stack sizes (-Xss)
#   Set larger code cache with -XX:ReservedCodeCacheSize=
# This output file may be truncated or incomplete.
#
#  Out of Memory Error (os_linux.cpp:2640), pid=71152, tid=0x00007fec5deaf700
#
# JRE version:  (8.0_151-b12) (build )
# Java VM: Java HotSpot(TM) 64-Bit Server VM (25.151-b12 mixed mode linux-amd64 compressed oops)
# Failed to write core dump. Core dumps have been disabled. To enable core dumping, try "ulimit -c unlimited" before starting Java again
#

---------------  T H R E A D  ---------------

Current thread (0x00007fec5400c000):  JavaThread "Unknown thread" [_thread_in_vm, id=71179, stack(0x00007fec5ddaf000,0x00007fec5deb0000)]

Stack: [0x00007fec5ddaf000,0x00007fec5deb0000],  sp=0x00007fec5deae370,  free space=1020k
Native frames: (J=compiled Java code, j=interpreted, Vv=VM code, C=native code)
V  [libjvm.so+0xacb58a]  VMError::report_and_die()+0x2ba
V  [libjvm.so+0x4ff4ab]  report_vm_out_of_memory(char const*, int, unsigned long, VMErrorType, char const*)+0x8b
V  [libjvm.so+0x928113]  os::Linux::commit_memory_impl(char*, unsigned long, bool)+0x103
V  [libjvm.so+0x928669]  os::pd_commit_memory(char*, unsigned long, unsigned long, bool)+0x29
V  [libjvm.so+0x92288a]  os::commit_memory(char*, unsigned long, unsigned long, bool)+0x2a
V  [libjvm.so+0xac72e9]  VirtualSpace::expand_by(unsigned long, bool)+0x199
V  [libjvm.so+0xac7e3e]  VirtualSpace::initialize(ReservedSpace, unsigned long)+0xee
V  [libjvm.so+0x5fda81]  CardGeneration::CardGeneration(ReservedSpace, unsigned long, int, GenRemSet*)+0xf1
V  [libjvm.so+0x4e8b7e]  ConcurrentMarkSweepGeneration::ConcurrentMarkSweepGeneration(ReservedSpace, unsigned long, int, CardTableRS*, bool, FreeBlockDictionary<FreeChunk>::DictionaryChoice)+0x4e
V  [libjvm.so+0x5feb42]  GenerationSpec::init(ReservedSpace, int, GenRemSet*)+0xf2
V  [libjvm.so+0x5ed97e]  GenCollectedHeap::initialize()+0x1de
V  [libjvm.so+0xa93603]  Universe::initialize_heap()+0xf3
V  [libjvm.so+0xa93b6e]  universe_init()+0x3e
V  [libjvm.so+0x640545]  init_globals()+0x65
V  [libjvm.so+0xa7725e]  Threads::create_vm(JavaVMInitArgs*, bool*)+0x23e
V  [libjvm.so+0x6d4e44]  JNI_CreateJavaVM+0x74
C  [libjli.so+0x797e]  JavaMain+0x9e
C  [libpthread.so.0+0x76ba]  start_thread+0xca


---------------  P R O C E S S  ---------------

Java Threads: ( => current thread )

Other Threads:

=>0x00007fec5400c000 (exited) JavaThread "Unknown thread" [_thread_in_vm, id=71179, stack(0x00007fec5ddaf000,0x00007fec5deb0000)]

VM state:not at safepoint (not fully initialized)

VM Mutex/Monitor currently owned by a thread: None

GC Heap History (0 events):
No events

Deoptimization events (0 events):
No events

Internal exceptions (0 events):
No events

Events (0 events):
No events


Dynamic libraries:
00400000-00401000 r-xp 00000000 08:01 1067737                            /usr/lib/jvm/java-8-oracle/jre/bin/java
00600000-00601000 rw-p 00000000 08:01 1067737                            /usr/lib/jvm/java-8-oracle/jre/bin/java
0198f000-019b0000 rw-p 00000000 00:00 0                                  [heap]
c0000000-c5330000 rw-p 00000000 00:00 0 
7fec40000000-7fec40021000 rw-p 00000000 00:00 0 
7fec40021000-7fec44000000 ---p 00000000 00:00 0 
7fec45000000-7fec45270000 rwxp 00000000 00:00 0 
7fec45270000-7fec54000000 ---p 00000000 00:00 0 
7fec54000000-7fec5403a000 rw-p 00000000 00:00 0 
7fec5403a000-7fec58000000 ---p 00000000 00:00 0 
7fec5a4c9000-7fec5a87b000 rw-p 00000000 00:00 0 
7fec5a87b000-7fec5aa51000 ---p 00000000 00:00 0 
7fec5aa51000-7fec5aa52000 rw-p 00000000 00:00 0 
7fec5aa52000-7fec5aa53000 ---p 00000000 00:00 0 
7fec5aa53000-7fec5ab5d000 rw-p 00000000 00:00 0 
7fec5ab5d000-7fec5af13000 ---p 00000000 00:00 0 
7fec5af13000-7fec5af2e000 r-xp 00000000 08:01 1068053                    /usr/lib/jvm/java-8-oracle/jre/lib/amd64/libzip.so
7fec5af2e000-7fec5b12e000 ---p 0001b000 08:01 1068053                    /usr/lib/jvm/java-8-oracle/jre/lib/amd64/libzip.so
7fec5b12e000-7fec5b12f000 rw-p 0001b000 08:01 1068053                    /usr/lib/jvm/java-8-oracle/jre/lib/amd64/libzip.so
7fec5b12f000-7fec5b13a000 r-xp 00000000 08:01 476587                     /lib/x86_64-linux-gnu/libnss_files-2.23.so
7fec5b13a000-7fec5b339000 ---p 0000b000 08:01 476587                     /lib/x86_64-linux-gnu/libnss_files-2.23.so
7fec5b339000-7fec5b33a000 r--p 0000a000 08:01 476587                     /lib/x86_64-linux-gnu/libnss_files-2.23.so
7fec5b33a000-7fec5b33b000 rw-p 0000b000 08:01 476587                     /lib/x86_64-linux-gnu/libnss_files-2.23.so
7fec5b33b000-7fec5b341000 rw-p 00000000 00:00 0 
7fec5b341000-7fec5b34c000 r-xp 00000000 08:01 476590                     /lib/x86_64-linux-gnu/libnss_nis-2.23.so
7fec5b34c000-7fec5b54b000 ---p 0000b000 08:01 476590                     /lib/x86_64-linux-gnu/libnss_nis-2.23.so
7fec5b54b000-7fec5b54c000 r--p 0000a000 08:01 476590                     /lib/x86_64-linux-gnu/libnss_nis-2.23.so
7fec5b54c000-7fec5b54d000 rw-p 0000b000 08:01 476590                     /lib/x86_64-linux-gnu/libnss_nis-2.23.so
7fec5b54d000-7fec5b563000 r-xp 00000000 08:01 422444                     /lib/x86_64-linux-gnu/libnsl-2.23.so
7fec5b563000-7fec5b762000 ---p 00016000 08:01 422444                     /lib/x86_64-linux-gnu/libnsl-2.23.so
7fec5b762000-7fec5b763000 r--p 00015000 08:01 422444                     /lib/x86_64-linux-gnu/libnsl-2.23.so
7fec5b763000-7fec5b764000 rw-p 00016000 08:01 422444                     /lib/x86_64-linux-gnu/libnsl-2.23.so
7fec5b764000-7fec5b766000 rw-p 00000000 00:00 0 
7fec5b766000-7fec5b76e000 r-xp 00000000 08:01 476596                     /lib/x86_64-linux-gnu/libnss_compat-2.23.so
7fec5b76e000-7fec5b96d000 ---p 00008000 08:01 476596                     /lib/x86_64-linux-gnu/libnss_compat-2.23.so
7fec5b96d000-7fec5b96e000 r--p 00007000 08:01 476596                     /lib/x86_64-linux-gnu/libnss_compat-2.23.so
7fec5b96e000-7fec5b96f000 rw-p 00008000 08:01 476596                     /lib/x86_64-linux-gnu/libnss_compat-2.23.so
7fec5b96f000-7fec5b99a000 r-xp 00000000 08:01 1068047                    /usr/lib/jvm/java-8-oracle/jre/lib/amd64/libjava.so
7fec5b99a000-7fec5bb99000 ---p 0002b000 08:01 1068047                    /usr/lib/jvm/java-8-oracle/jre/lib/amd64/libjava.so
7fec5bb99000-7fec5bb9b000 rw-p 0002a000 08:01 1068047                    /usr/lib/jvm/java-8-oracle/jre/lib/amd64/libjava.so
7fec5bb9b000-7fec5bba8000 r-xp 00000000 08:01 1068052                    /usr/lib/jvm/java-8-oracle/jre/lib/amd64/libverify.so
7fec5bba8000-7fec5bda8000 ---p 0000d000 08:01 1068052                    /usr/lib/jvm/java-8-oracle/jre/lib/amd64/libverify.so
7fec5bda8000-7fec5bdaa000 rw-p 0000d000 08:01 1068052                    /usr/lib/jvm/java-8-oracle/jre/lib/amd64/libverify.so
7fec5bdaa000-7fec5bdb1000 r-xp 00000000 08:01 476592                     /lib/x86_64-linux-gnu/librt-2.23.so
7fec5bdb1000-7fec5bfb0000 ---p 00007000 08:01 476592                     /lib/x86_64-linux-gnu/librt-2.23.so
7fec5bfb0000-7fec5bfb1000 r--p 00006000 08:01 476592                     /lib/x86_64-linux-gnu/librt-2.23.so
7fec5bfb1000-7fec5bfb2000 rw-p 00007000 08:01 476592                     /lib/x86_64-linux-gnu/librt-2.23.so
7fec5bfb2000-7fec5c0ba000 r-xp 00000000 08:01 476601                     /lib/x86_64-linux-gnu/libm-2.23.so
7fec5c0ba000-7fec5c2b9000 ---p 00108000 08:01 476601                     /lib/x86_64-linux-gnu/libm-2.23.so
7fec5c2b9000-7fec5c2ba000 r--p 00107000 08:01 476601                     /lib/x86_64-linux-gnu/libm-2.23.so
7fec5c2ba000-7fec5c2bb000 rw-p 00108000 08:01 476601                     /lib/x86_64-linux-gnu/libm-2.23.so
7fec5c2bb000-7fec5cf8e000 r-xp 00000000 08:01 1068075                    /usr/lib/jvm/java-8-oracle/jre/lib/amd64/server/libjvm.so
7fec5cf8e000-7fec5d18d000 ---p 00cd3000 08:01 1068075                    /usr/lib/jvm/java-8-oracle/jre/lib/amd64/server/libjvm.so
7fec5d18d000-7fec5d267000 rw-p 00cd2000 08:01 1068075                    /usr/lib/jvm/java-8-oracle/jre/lib/amd64/server/libjvm.so
7fec5d267000-7fec5d2b2000 rw-p 00000000 00:00 0 
7fec5d2b2000-7fec5d472000 r-xp 00000000 08:01 476606                     /lib/x86_64-linux-gnu/libc-2.23.so
7fec5d472000-7fec5d672000 ---p 001c0000 08:01 476606                     /lib/x86_64-linux-gnu/libc-2.23.so
7fec5d672000-7fec5d676000 r--p 001c0000 08:01 476606                     /lib/x86_64-linux-gnu/libc-2.23.so
7fec5d676000-7fec5d678000 rw-p 001c4000 08:01 476606                     /lib/x86_64-linux-gnu/libc-2.23.so
7fec5d678000-7fec5d67c000 rw-p 00000000 00:00 0 
7fec5d67c000-7fec5d67f000 r-xp 00000000 08:01 476595                     /lib/x86_64-linux-gnu/libdl-2.23.so
7fec5d67f000-7fec5d87e000 ---p 00003000 08:01 476595                     /lib/x86_64-linux-gnu/libdl-2.23.so
7fec5d87e000-7fec5d87f000 r--p 00002000 08:01 476595                     /lib/x86_64-linux-gnu/libdl-2.23.so
7fec5d87f000-7fec5d880000 rw-p 00003000 08:01 476595                     /lib/x86_64-linux-gnu/libdl-2.23.so
7fec5d880000-7fec5d896000 r-xp 00000000 08:01 1068071                    /usr/lib/jvm/java-8-oracle/jre/lib/amd64/jli/libjli.so
7fec5d896000-7fec5da95000 ---p 00016000 08:01 1068071                    /usr/lib/jvm/java-8-oracle/jre/lib/amd64/jli/libjli.so
7fec5da95000-7fec5da96000 rw-p 00015000 08:01 1068071                    /usr/lib/jvm/java-8-oracle/jre/lib/amd64/jli/libjli.so
7fec5da96000-7fec5daae000 r-xp 00000000 08:01 476589                     /lib/x86_64-linux-gnu/libpthread-2.23.so
7fec5daae000-7fec5dcad000 ---p 00018000 08:01 476589                     /lib/x86_64-linux-gnu/libpthread-2.23.so
7fec5dcad000-7fec5dcae000 r--p 00017000 08:01 476589                     /lib/x86_64-linux-gnu/libpthread-2.23.so
7fec5dcae000-7fec5dcaf000 rw-p 00018000 08:01 476589                     /lib/x86_64-linux-gnu/libpthread-2.23.so
7fec5dcaf000-7fec5dcb3000 rw-p 00000000 00:00 0 
7fec5dcb3000-7fec5dcd9000 r-xp 00000000 08:01 453488                     /lib/x86_64-linux-gnu/ld-2.23.so
7fec5ddaf000-7fec5ddb2000 ---p 00000000 00:00 0 
7fec5ddb2000-7fec5deb4000 rw-p 00000000 00:00 0 
7fec5decc000-7fec5ded4000 rw-s 00000000 08:01 347870                     /tmp/hsperfdata_deeplearning/71152
7fec5ded4000-7fec5ded5000 rw-p 00000000 00:00 0 
7fec5ded5000-7fec5ded6000 r--p 00000000 00:00 0 
7fec5ded6000-7fec5ded8000 rw-p 00000000 00:00 0 
7fec5ded8000-7fec5ded9000 r--p 00025000 08:01 453488                     /lib/x86_64-linux-gnu/ld-2.23.so
7fec5ded9000-7fec5deda000 rw-p 00026000 08:01 453488                     /lib/x86_64-linux-gnu/ld-2.23.so
7fec5deda000-7fec5dedb000 rw-p 00000000 00:00 0 
7ffd95f86000-7ffd95fa7000 rw-p 00000000 00:00 0                          [stack]
7ffd95fd6000-7ffd95fd8000 r--p 00000000 00:00 0                          [vvar]
7ffd95fd8000-7ffd95fda000 r-xp 00000000 00:00 0                          [vdso]
ffffffffff600000-ffffffffff601000 r-xp 00000000 00:00 0                  [vsyscall]

VM Arguments:
jvm_args: -Xms1g -Xmx1g -XX:+UseConcMarkSweepGC -XX:CMSInitiatingOccupancyFraction=75 -XX:+UseCMSInitiatingOccupancyOnly -XX:+AlwaysPreTouch -Xss1m -Djava.awt.headless=true -Dfile.encoding=UTF-8 -Djna.nosys=true -XX:-OmitStackTraceInFastThrow -Dio.netty.noUnsafe=true -Dio.netty.noKeySetOptimization=true -Dio.netty.recycler.maxCapacityPerThread=0 -Dlog4j.shutdownHookEnabled=false -Dlog4j2.disable.jmx=true -XX:+HeapDumpOnOutOfMemoryError -Des.path.home=/home/deeplearning/microblog/elasticsearch-6.1.1 -Des.path.conf=/home/deeplearning/microblog/elasticsearch-6.1.1/config 
java_command: org.elasticsearch.bootstrap.Elasticsearch
java_class_path (initial): /home/deeplearning/microblog/elasticsearch-6.1.1/lib/elasticsearch-cli-6.1.1.jar:/home/deeplearning/microblog/elasticsearch-6.1.1/lib/lucene-misc-7.1.0.jar:/home/deeplearning/microblog/elasticsearch-6.1.1/lib/lucene-queries-7.1.0.jar:/home/deeplearning/microblog/elasticsearch-6.1.1/lib/joda-time-2.9.5.jar:/home/deeplearning/microblog/elasticsearch-6.1.1/lib/lucene-analyzers-common-7.1.0.jar:/home/deeplearning/microblog/elasticsearch-6.1.1/lib/lucene-memory-7.1.0.jar:/home/deeplearning/microblog/elasticsearch-6.1.1/lib/log4j-api-2.9.1.jar:/home/deeplearning/microblog/elasticsearch-6.1.1/lib/t-digest-3.0.jar:/home/deeplearning/microblog/elasticsearch-6.1.1/lib/lucene-highlighter-7.1.0.jar:/home/deeplearning/microblog/elasticsearch-6.1.1/lib/jackson-core-2.8.10.jar:/home/deeplearning/microblog/elasticsearch-6.1.1/lib/spatial4j-0.6.jar:/home/deeplearning/microblog/elasticsearch-6.1.1/lib/lucene-backward-codecs-7.1.0.jar:/home/deeplearning/microblog/elasticsearch-6.1.1/lib/lucene-grouping-7.1.0.jar:/home/deeplearning/microblog/elasticsearch-6.1.1/lib/jopt-simple-5.0.2.jar:/home/deeplearning/microblog/elasticsearch-6.1.1/lib/jackson-dataformat-smile-2.8.10.jar:/home/deeplearning/microblog/elasticsearch-6.1.1/lib/log4j-core-2.9.1.jar:/home/deeplearning/microblog/elasticsearch-6.1.1/lib/lucene-join-7.1.0.jar:/home/deeplearning/microblog/elasticsearch-6.1.1/lib/jackson-dataformat-cbor-2.8.10.jar:/home/deeplearning/microblog/elasticsearch-6.1.1/lib/jts-1.13.jar:/home/deeplearning/microblog/elasticsearch-6.1.1/lib/lucene-suggest-7.1.0.jar:/home/deeplearning/microblog/elasticsearch-6.1.1/lib/lucene-core-7.1.0.jar:/home/deeplearning/microblog/elasticsearch-6.1.1/lib/snakeyaml-1.17.jar:/home/deeplearning/microblog/elasticsearch-6.1.1/lib/hppc-0.7.1.jar:/home/deeplearning/microblog/elasticsearch-6.1.1/lib/elasticsearch-6.1.1.jar:/home/deeplearning/microblog/elasticsearch-6.1.1/lib/securesm-1.2.jar:/home/deeplearning/microblog/elasticsearch-6.1.1/lib/pl
Launcher Type: SUN_STANDARD

Environment Variables:
PATH=/home/deeplearning/bin:/home/deeplearning/.local/bin:/usr/local/sbin:/usr/local/bin:/usr/sbin:/usr/bin:/sbin:/bin:/usr/games:/usr/local/games:/snap/bin
SHELL=/bin/bash
DISPLAY=:0

Signal Handlers:
SIGSEGV: [libjvm.so+0xacbe10], sa_mask[0]=11111111011111111101111111111110, sa_flags=SA_RESTART|SA_SIGINFO
SIGBUS: [libjvm.so+0xacbe10], sa_mask[0]=11111111011111111101111111111110, sa_flags=SA_RESTART|SA_SIGINFO
SIGFPE: [libjvm.so+0x924f90], sa_mask[0]=11111111011111111101111111111110, sa_flags=SA_RESTART|SA_SIGINFO
SIGPIPE: [libjvm.so+0x924f90], sa_mask[0]=11111111011111111101111111111110, sa_flags=SA_RESTART|SA_SIGINFO
SIGXFSZ: [libjvm.so+0x924f90], sa_mask[0]=11111111011111111101111111111110, sa_flags=SA_RESTART|SA_SIGINFO
SIGILL: [libjvm.so+0x924f90], sa_mask[0]=11111111011111111101111111111110, sa_flags=SA_RESTART|SA_SIGINFO
SIGUSR1: SIG_DFL, sa_mask[0]=00000000000000000000000000000000, sa_flags=none
SIGUSR2: [libjvm.so+0x9267d0], sa_mask[0]=00000000000000000000000000000000, sa_flags=SA_RESTART|SA_SIGINFO
SIGHUP: SIG_DFL, sa_mask[0]=00000000000000000000000000000000, sa_flags=none
SIGINT: SIG_DFL, sa_mask[0]=00000000000000000000000000000000, sa_flags=none
SIGTERM: SIG_DFL, sa_mask[0]=00000000000000000000000000000000, sa_flags=none
SIGQUIT: SIG_DFL, sa_mask[0]=00000000000000000000000000000000, sa_flags=none


---------------  S Y S T E M  ---------------

OS:DISTRIB_ID=Ubuntu
DISTRIB_RELEASE=16.04
DISTRIB_CODENAME=xenial
DISTRIB_DESCRIPTION="Ubuntu 16.04.2 LTS"

uname:Linux 4.10.0-42-generic #46~16.04.1-Ubuntu SMP Mon Dec 4 15:57:59 UTC 2017 x86_64
libc:glibc 2.23 NPTL 2.23 
rlimit: STACK 8192k, CORE 0k, NPROC 15550, NOFILE 65536, AS infinity
load average:0.58 0.74 1.27

/proc/meminfo:
MemTotal:        4025404 kB
MemFree:          108356 kB
MemAvailable:     200468 kB
Buffers:           44104 kB
Cached:           827028 kB
SwapCached:        45244 kB
Active:          1458832 kB
Inactive:         884924 kB
Active(anon):    1318296 kB
Inactive(anon):   753300 kB
Active(file):     140536 kB
Inactive(file):   131624 kB
Unevictable:          32 kB
Mlocked:              32 kB
SwapTotal:       2094076 kB
SwapFree:              0 kB
Dirty:              1188 kB
Writeback:             0 kB
AnonPages:       1427884 kB
Mapped:           385712 kB
Shmem:            598956 kB
Slab:             147512 kB
SReclaimable:      50048 kB
SUnreclaim:        97464 kB
KernelStack:       13452 kB
PageTables:        46884 kB
NFS_Unstable:          0 kB
Bounce:                0 kB
WritebackTmp:          0 kB
CommitLimit:     4106776 kB
Committed_AS:    9280656 kB
VmallocTotal:   34359738367 kB
VmallocUsed:           0 kB
VmallocChunk:          0 kB
HardwareCorrupted:     0 kB
AnonHugePages:    583680 kB
ShmemHugePages:        0 kB
ShmemPmdMapped:        0 kB
CmaTotal:              0 kB
CmaFree:               0 kB
HugePages_Total:       0
HugePages_Free:        0
HugePages_Rsvd:        0
HugePages_Surp:        0
Hugepagesize:       2048 kB
DirectMap4k:      466752 kB
DirectMap2M:     3727360 kB
DirectMap1G:     2097152 kB


CPU:total 1 (initial active 1) (1 cores per cpu, 1 threads per core) family 6 model 78 stepping 3, cmov, cx8, fxsr, mmx, sse, sse2, sse3, ssse3, sse4.1, sse4.2, popcnt, avx, avx2, aes, clmul, erms, 3dnowpref, lzcnt, tsc, tscinvbit, bmi1, bmi2, adx

/proc/cpuinfo:
processor	: 0
vendor_id	: GenuineIntel
cpu family	: 6
model		: 78
model name	: Intel(R) Core(TM) i7-6500U CPU @ 2.50GHz
stepping	: 3
microcode	: 0xba
cpu MHz		: 2601.000
cache size	: 4096 KB
physical id	: 0
siblings	: 1
core id		: 0
cpu cores	: 1
apicid		: 0
initial apicid	: 0
fpu		: yes
fpu_exception	: yes
cpuid level	: 22
wp		: yes
flags		: fpu vme de pse tsc msr pae mce cx8 apic sep mtrr pge mca cmov pat pse36 clflush dts mmx fxsr sse sse2 ss syscall nx pdpe1gb rdtscp lm constant_tsc arch_perfmon pebs bts nopl xtopology tsc_reliable nonstop_tsc aperfmperf pni pclmulqdq ssse3 fma cx16 pcid sse4_1 sse4_2 x2apic movbe popcnt tsc_deadline_timer aes xsave avx f16c rdrand hypervisor lahf_lm abm 3dnowprefetch epb fsgsbase tsc_adjust bmi1 avx2 smep bmi2 invpcid rdseed adx smap xsaveopt dtherm ida arat pln pts hwp hwp_notify hwp_act_window hwp_epp
bugs		:
bogomips	: 5202.00
clflush size	: 64
cache_alignment	: 64
address sizes	: 42 bits physical, 48 bits virtual
power management:



Memory: 4k page, physical 4025404k(108356k free), swap 2094076k(0k free)

vm_info: Java HotSpot(TM) 64-Bit Server VM (25.151-b12) for linux-amd64 JRE (1.8.0_151-b12), built on Sep  5 2017 19:20:58 by "java_re" with gcc 4.3.0 20080428 (Red Hat 4.3.0-8)

time: Sun Dec 24 20:02:52 2017
elapsed time: 0 seconds (0d 0h 0m 0s)

